C:\USERS\MINCHENL\DROPBOX\SMOKE_SOLVER_MOST_UPTODATE (1)\SMOKE_SOLVER\X64\RELEASE\GEOMETRICLEVELGEN.OBJ
C:\USERS\MINCHENL\DROPBOX\SMOKE_SOLVER_MOST_UPTODATE (1)\SMOKE_SOLVER\X64\RELEASE\LEVELSET_UTIL.OBJ
C:\USERS\MINCHENL\DROPBOX\SMOKE_SOLVER_MOST_UPTODATE (1)\SMOKE_SOLVER\X64\RELEASE\MAIN.OBJ
C:\USERS\MINCHENL\DROPBOX\SMOKE_SOLVER_MOST_UPTODATE (1)\SMOKE_SOLVER\X64\RELEASE\MULTIGRID3D.OBJ
C:\USERS\MINCHENL\DROPBOX\SMOKE_SOLVER_MOST_UPTODATE (1)\SMOKE_SOLVER\X64\RELEASE\SMOKE_SOLVER.EXE.INTERMEDIATE.MANIFEST
C:\USERS\MINCHENL\DROPBOX\SMOKE_SOLVER_MOST_UPTODATE (1)\SMOKE_SOLVER\X64\RELEASE\SMOKE_SOLVER3D.OBJ
C:\USERS\MINCHENL\DROPBOX\SMOKE_SOLVER_MOST_UPTODATE (1)\SMOKE_SOLVER\X64\RELEASE\SUB_DOMAIN.OBJ
C:\USERS\MINCHENL\DROPBOX\SMOKE_SOLVER_MOST_UPTODATE (1)\SMOKE_SOLVER\X64\RELEASE\VC100.PDB
C:\USERS\MINCHENL\DROPBOX\SMOKE_SOLVER_MOST_UPTODATE (1)\X64\RELEASE\SMOKE_SOLVER.EXE
C:\USERS\MINCHENL\DROPBOX\SMOKE_SOLVER_MOST_UPTODATE (1)\X64\RELEASE\SMOKE_SOLVER.PDB
C:\USERS\MINCHENL\DROPBOX\VISCOUS_SMOKE\SMOKE_SOLVER\X64\RELEASE\GEOMETRICLEVELGEN.OBJ
C:\USERS\MINCHENL\DROPBOX\VISCOUS_SMOKE\SMOKE_SOLVER\X64\RELEASE\LEVELSET_UTIL.OBJ
C:\USERS\MINCHENL\DROPBOX\VISCOUS_SMOKE\SMOKE_SOLVER\X64\RELEASE\MAIN.OBJ
C:\USERS\MINCHENL\DROPBOX\VISCOUS_SMOKE\SMOKE_SOLVER\X64\RELEASE\MULTIGRID3D.OBJ
C:\USERS\MINCHENL\DROPBOX\VISCOUS_SMOKE\SMOKE_SOLVER\X64\RELEASE\SMOKE_SOLVER.EXE.INTERMEDIATE.MANIFEST
C:\USERS\MINCHENL\DROPBOX\VISCOUS_SMOKE\SMOKE_SOLVER\X64\RELEASE\SMOKE_SOLVER3D.OBJ
C:\USERS\MINCHENL\DROPBOX\VISCOUS_SMOKE\SMOKE_SOLVER\X64\RELEASE\SUB_DOMAIN.OBJ
C:\USERS\MINCHENL\DROPBOX\VISCOUS_SMOKE\SMOKE_SOLVER\X64\RELEASE\VC100.PDB
C:\USERS\MINCHENL\DROPBOX\VISCOUS_SMOKE\X64\RELEASE\SMOKE_SOLVER.EXE
C:\USERS\MINCHENL\DROPBOX\VISCOUS_SMOKE\X64\RELEASE\SMOKE_SOLVER.PDB
C:\Users\minchenl\Dropbox\Viscous_Smoke_PSE\Smoke_Solver\x64\Release\cl.command.1.tlog
C:\Users\minchenl\Dropbox\Viscous_Smoke_PSE\Smoke_Solver\x64\Release\CL.read.1.tlog
C:\Users\minchenl\Dropbox\Viscous_Smoke_PSE\Smoke_Solver\x64\Release\CL.write.1.tlog
C:\USERS\MINCHENL\DROPBOX\VISCOUS_SMOKE_PSE\SMOKE_SOLVER\X64\RELEASE\GEOMETRICLEVELGEN.OBJ
C:\USERS\MINCHENL\DROPBOX\VISCOUS_SMOKE_PSE\SMOKE_SOLVER\X64\RELEASE\LEVELSET_UTIL.OBJ
C:\Users\minchenl\Dropbox\Viscous_Smoke_PSE\Smoke_Solver\x64\Release\link.command.1.tlog
C:\Users\minchenl\Dropbox\Viscous_Smoke_PSE\Smoke_Solver\x64\Release\link.read.1.tlog
C:\Users\minchenl\Dropbox\Viscous_Smoke_PSE\Smoke_Solver\x64\Release\link.write.1.tlog
C:\USERS\MINCHENL\DROPBOX\VISCOUS_SMOKE_PSE\SMOKE_SOLVER\X64\RELEASE\MAIN.OBJ
C:\Users\minchenl\Dropbox\Viscous_Smoke_PSE\Smoke_Solver\x64\Release\mt.command.1.tlog
C:\Users\minchenl\Dropbox\Viscous_Smoke_PSE\Smoke_Solver\x64\Release\mt.read.1.tlog
C:\Users\minchenl\Dropbox\Viscous_Smoke_PSE\Smoke_Solver\x64\Release\mt.write.1.tlog
C:\USERS\MINCHENL\DROPBOX\VISCOUS_SMOKE_PSE\SMOKE_SOLVER\X64\RELEASE\MULTIGRID3D.OBJ
C:\Users\minchenl\Dropbox\Viscous_Smoke_PSE\Smoke_Solver\x64\Release\Smoke_Solver.exe.intermediate.manifest
C:\Users\minchenl\Dropbox\Viscous_Smoke_PSE\Smoke_Solver\x64\Release\Smoke_Solver.vcxprojResolveAssemblyReference.cache
C:\Users\minchenl\Dropbox\Viscous_Smoke_PSE\Smoke_Solver\x64\Release\Smoke_Solver.write.1.tlog
C:\USERS\MINCHENL\DROPBOX\VISCOUS_SMOKE_PSE\SMOKE_SOLVER\X64\RELEASE\SMOKE_SOLVER3D.OBJ
C:\USERS\MINCHENL\DROPBOX\VISCOUS_SMOKE_PSE\SMOKE_SOLVER\X64\RELEASE\SUB_DOMAIN.OBJ
C:\USERS\MINCHENL\DROPBOX\VISCOUS_SMOKE_PSE\SMOKE_SOLVER\X64\RELEASE\VC100.PDB
C:\USERS\MINCHENL\DROPBOX\VISCOUS_SMOKE_PSE\X64\RELEASE\SMOKE_SOLVER.EXE
C:\Users\minchenl\Dropbox\Viscous_Smoke_PSE\x64\Release\Smoke_Solver.pdb
